<?xml version="1.0" encoding="UTF-8" ?>
<testsuite errors="1" failures="0" hostname="levyvlan502.0046.wlan.wireless-resnet.upenn.edu" name="ExampleTest" skipped="0" tests="1" time="0.0" timestamp="2015-03-02T04:08:22">
  <properties>
[...]
</properties>
  <error message="ExampleTest" type="java.lang.ClassNotFoundException">java.lang.ClassNotFoundException: ExampleTest
	at java.net.URLClassLoader$1.run(URLClassLoader.java:202)
	at java.security.AccessController.doPrivileged(Native Method)
	at java.net.URLClassLoader.findClass(URLClassLoader.java:190)
	at java.lang.ClassLoader.loadClass(ClassLoader.java:306)
	at sun.misc.Launcher$AppClassLoader.loadClass(Launcher.java:301)
	at java.lang.ClassLoader.loadClass(ClassLoader.java:247)
	at java.lang.Class.forName0(Native Method)
	at java.lang.Class.forName(Class.java:171)
</error>
  <system-out><![CDATA[]]></system-out>
  <system-err><![CDATA[]]></system-err>
</testsuite>
